<?xml version="1.0" encoding="UTF-8"?>
<!-- Generated by org.testng.reporters.JUnitXMLReporter -->
<testsuite hostname="Chetuiwk230" ignored="0" name="Default test" tests="4" failures="0" timestamp="2020-07-10T19:24:31 IST" time="0.99" errors="0">
  <testcase name="@BeforeTest initialize" time="0.777" classname="TestCases.LoginTest">
    <failure type="java.lang.NoSuchMethodError" message="org.apache.commons.io.IOUtils.toString(Ljava/io/InputStream;Ljava/nio/charset/Charset;)Ljava/lang/String;">
      <![CDATA[java.lang.NoSuchMethodError: org.apache.commons.io.IOUtils.toString(Ljava/io/InputStream;Ljava/nio/charset/Charset;)Ljava/lang/String;
at io.github.bonigarcia.wdm.Shell.runAndWaitNoLog(Shell.java:66)
at io.github.bonigarcia.wdm.Shell.runAndWaitArray(Shell.java:56)
at io.github.bonigarcia.wdm.Shell.runAndWait(Shell.java:50)
at io.github.bonigarcia.wdm.WebDriverManager.getBrowserVersionInWindows(WebDriverManager.java:1248)
at io.github.bonigarcia.wdm.WebDriverManager.getDefaultBrowserVersion(WebDriverManager.java:1210)
at io.github.bonigarcia.wdm.ChromeDriverManager.getBrowserVersion(ChromeDriverManager.java:103)
at io.github.bonigarcia.wdm.WebDriverManager.detectDriverVersionFromBrowser(WebDriverManager.java:596)
at io.github.bonigarcia.wdm.WebDriverManager.manage(WebDriverManager.java:510)
at io.github.bonigarcia.wdm.WebDriverManager.setup(WebDriverManager.java:260)
at TestCases.LoginTest.initialize(LoginTest.java:27)
at sun.reflect.NativeMethodAccessorImpl.invoke0(Native Method)
at sun.reflect.NativeMethodAccessorImpl.invoke(NativeMethodAccessorImpl.java:62)
at sun.reflect.DelegatingMethodAccessorImpl.invoke(DelegatingMethodAccessorImpl.java:43)
at java.lang.reflect.Method.invoke(Method.java:498)
at org.testng.internal.MethodInvocationHelper.invokeMethod(MethodInvocationHelper.java:134)
at org.testng.internal.MethodInvocationHelper.invokeMethodConsideringTimeout(MethodInvocationHelper.java:63)
at org.testng.internal.ConfigInvoker.invokeConfigurationMethod(ConfigInvoker.java:348)
at org.testng.internal.ConfigInvoker.invokeConfigurations(ConfigInvoker.java:302)
at org.testng.TestRunner.invokeTestConfigurations(TestRunner.java:619)
at org.testng.TestRunner.beforeRun(TestRunner.java:609)
at org.testng.TestRunner.run(TestRunner.java:580)
at org.testng.SuiteRunner.runTest(SuiteRunner.java:384)
at org.testng.SuiteRunner.runSequentially(SuiteRunner.java:378)
at org.testng.SuiteRunner.privateRun(SuiteRunner.java:337)
at org.testng.SuiteRunner.run(SuiteRunner.java:286)
at org.testng.SuiteRunnerWorker.runSuite(SuiteRunnerWorker.java:53)
at org.testng.SuiteRunnerWorker.run(SuiteRunnerWorker.java:96)
at org.testng.TestNG.runSuitesSequentially(TestNG.java:1187)
at org.testng.TestNG.runSuitesLocally(TestNG.java:1109)
at org.testng.TestNG.runSuites(TestNG.java:1039)
at org.testng.TestNG.run(TestNG.java:1007)
at org.testng.remote.AbstractRemoteTestNG.run(AbstractRemoteTestNG.java:115)
at org.testng.remote.RemoteTestNG.initAndRun(RemoteTestNG.java:251)
at org.testng.remote.RemoteTestNG.main(RemoteTestNG.java:77)
]]>
    </failure>
  </testcase> <!-- @BeforeTest initialize -->
  <testcase name="@AfterMethod screenshot" time="-1.594389271009E9" classname="TestCases.LoginTest">
    <skipped/>
  </testcase> <!-- @AfterMethod screenshot -->
  <testcase name="@AfterMethod screenshot" time="-1.594389271041E9" classname="TestCases.LoginTest">
    <skipped/>
  </testcase> <!-- @AfterMethod screenshot -->
  <testcase name="@AfterMethod screenshot" time="-1.594389271074E9" classname="TestCases.LoginTest">
    <skipped/>
  </testcase> <!-- @AfterMethod screenshot -->
  <testcase name="@AfterMethod screenshot" time="-1.594389271101E9" classname="TestCases.LoginTest">
    <skipped/>
  </testcase> <!-- @AfterMethod screenshot -->
  <testcase name="@AfterTest quit" time="-1.594389271106E9" classname="TestCases.LoginTest">
    <skipped/>
  </testcase> <!-- @AfterTest quit -->
  <testcase name="login" time="0.0" classname="TestCases.LoginTest">
    <skipped/>
  </testcase> <!-- login -->
  <testcase name="searchProduct" time="0.0" classname="TestCases.LoginTest">
    <skipped/>
  </testcase> <!-- searchProduct -->
  <testcase name="shippingPage" time="0.0" classname="TestCases.LoginTest">
    <skipped/>
  </testcase> <!-- shippingPage -->
  <testcase name="paymentPage" time="0.0" classname="TestCases.LoginTest">
    <skipped/>
  </testcase> <!-- paymentPage -->
</testsuite> <!-- Default test -->
